# JRE version: Java(TM) SE Runtime Environment (8.0_45-b14) (build 1.8.0_45-b14)
# Java VM: Java HotSpot(TM) 64-Bit Server VM (25.45-b02 mixed mode linux-amd64 compressed oops)
Heap:
 def new generation   total 83840K, used 0K [0x00000000c0000000, 0x00000000c5af0000, 0x00000000d5550000)
  eden space 74560K,   0% used [0x00000000c0000000, 0x00000000c0000000, 0x00000000c48d0000)
  from space 9280K,   0% used [0x00000000c51e0000, 0x00000000c51e0000, 0x00000000c5af0000)
  to   space 9280K,   0% used [0x00000000c48d0000, 0x00000000c48d0000, 0x00000000c51e0000)
 tenured generation   total 188872K, used 153181K [0x00000000d5550000, 0x00000000e0dc2000, 0x0000000100000000)
   the space 188872K,  81% used [0x00000000d5550000, 0x00000000deae7498, 0x00000000deae7600, 0x00000000e0dc2000)
 Metaspace       used 25559K, capacity 25830K, committed 26112K, reserved 1073152K
  class space    used 3118K, capacity 3228K, committed 3328K, reserved 1048576K
GC Heap History (10 events):
Event: 247.354 GC heap after
Heap after GC invocations=172 (full 9):
 def new generation   total 83840K, used 5417K [0x00000000c0000000, 0x00000000c5af0000, 0x00000000d5550000)
  eden space 74560K,   0% used [0x00000000c0000000, 0x00000000c0000000, 0x00000000c48d0000)
  from space 9280K,  58% used [0x00000000c48d0000, 0x00000000c4e1a618, 0x00000000c51e0000)
  to   space 9280K,   0% used [0x00000000c51e0000, 0x00000000c51e0000, 0x00000000c5af0000)
 tenured generation   total 186184K, used 174511K [0x00000000d5550000, 0x00000000e0b22000, 0x0000000100000000)
   the space 186184K,  93% used [0x00000000d5550000, 0x00000000dffbbc50, 0x00000000dffbbe00, 0x00000000e0b22000)
 Metaspace       used 25556K, capacity 25830K, committed 26112K, reserved 1073152K
  class space    used 3118K, capacity 3228K, committed 3328K, reserved 1048576K
}
Event: 248.799 GC heap before
{Heap before GC invocations=172 (full 9):
 def new generation   total 83840K, used 79977K [0x00000000c0000000, 0x00000000c5af0000, 0x00000000d5550000)
  eden space 74560K, 100% used [0x00000000c0000000, 0x00000000c48d0000, 0x00000000c48d0000)
  from space 9280K,  58% used [0x00000000c48d0000, 0x00000000c4e1a618, 0x00000000c51e0000)
  to   space 9280K,   0% used [0x00000000c51e0000, 0x00000000c51e0000, 0x00000000c5af0000)
 tenured generation   total 186184K, used 174511K [0x00000000d5550000, 0x00000000e0b22000, 0x0000000100000000)
   the space 186184K,  93% used [0x00000000d5550000, 0x00000000dffbbc50, 0x00000000dffbbe00, 0x00000000e0b22000)
 Metaspace       used 25556K, capacity 25830K, committed 26112K, reserved 1073152K
  class space    used 3118K, capacity 3228K, committed 3328K, reserved 1048576K
Event: 248.812 GC heap after
Heap after GC invocations=173 (full 9):
 def new generation   total 83840K, used 5777K [0x00000000c0000000, 0x00000000c5af0000, 0x00000000d5550000)
  eden space 74560K,   0% used [0x00000000c0000000, 0x00000000c0000000, 0x00000000c48d0000)
  from space 9280K,  62% used [0x00000000c51e0000, 0x00000000c57844e0, 0x00000000c5af0000)
  to   space 9280K,   0% used [0x00000000c48d0000, 0x00000000c48d0000, 0x00000000c51e0000)
 tenured generation   total 186184K, used 176241K [0x00000000d5550000, 0x00000000e0b22000, 0x0000000100000000)
   the space 186184K,  94% used [0x00000000d5550000, 0x00000000e016c688, 0x00000000e016c800, 0x00000000e0b22000)
 Metaspace       used 25556K, capacity 25830K, committed 26112K, reserved 1073152K
  class space    used 3118K, capacity 3228K, committed 3328K, reserved 1048576K
}
Event: 250.748 GC heap before
{Heap before GC invocations=173 (full 9):
 def new generation   total 83840K, used 80337K [0x00000000c0000000, 0x00000000c5af0000, 0x00000000d5550000)
  eden space 74560K, 100% used [0x00000000c0000000, 0x00000000c48d0000, 0x00000000c48d0000)
  from space 9280K,  62% used [0x00000000c51e0000, 0x00000000c57844e0, 0x00000000c5af0000)
  to   space 9280K,   0% used [0x00000000c48d0000, 0x00000000c48d0000, 0x00000000c51e0000)
 tenured generation   total 186184K, used 176241K [0x00000000d5550000, 0x00000000e0b22000, 0x0000000100000000)
   the space 186184K,  94% used [0x00000000d5550000, 0x00000000e016c688, 0x00000000e016c800, 0x00000000e0b22000)
 Metaspace       used 25556K, capacity 25830K, committed 26112K, reserved 1073152K
  class space    used 3118K, capacity 3228K, committed 3328K, reserved 1048576K
Event: 250.765 GC heap after
Heap after GC invocations=174 (full 9):
 def new generation   total 83840K, used 6400K [0x00000000c0000000, 0x00000000c5af0000, 0x00000000d5550000)
  eden space 74560K,   0% used [0x00000000c0000000, 0x00000000c0000000, 0x00000000c48d0000)
  from space 9280K,  68% used [0x00000000c48d0000, 0x00000000c4f10080, 0x00000000c51e0000)
  to   space 9280K,   0% used [0x00000000c51e0000, 0x00000000c51e0000, 0x00000000c5af0000)
 tenured generation   total 186184K, used 178940K [0x00000000d5550000, 0x00000000e0b22000, 0x0000000100000000)
   the space 186184K,  96% used [0x00000000d5550000, 0x00000000e040f0d8, 0x00000000e040f200, 0x00000000e0b22000)
 Metaspace       used 25556K, capacity 25830K, committed 26112K, reserved 1073152K
  class space    used 3118K, capacity 3228K, committed 3328K, reserved 1048576K
}
Event: 253.389 GC heap before
{Heap before GC invocations=174 (full 9):
 def new generation   total 83840K, used 80960K [0x00000000c0000000, 0x00000000c5af0000, 0x00000000d5550000)
  eden space 74560K, 100% used [0x00000000c0000000, 0x00000000c48d0000, 0x00000000c48d0000)
  from space 9280K,  68% used [0x00000000c48d0000, 0x00000000c4f10080, 0x00000000c51e0000)
  to   space 9280K,   0% used [0x00000000c51e0000, 0x00000000c51e0000, 0x00000000c5af0000)
 tenured generation   total 186184K, used 178940K [0x00000000d5550000, 0x00000000e0b22000, 0x0000000100000000)
   the space 186184K,  96% used [0x00000000d5550000, 0x00000000e040f0d8, 0x00000000e040f200, 0x00000000e0b22000)
 Metaspace       used 25556K, capacity 25830K, committed 26112K, reserved 1073152K
  class space    used 3118K, capacity 3228K, committed 3328K, reserved 1048576K
Event: 253.405 GC heap after
Heap after GC invocations=175 (full 9):
 def new generation   total 83840K, used 5443K [0x00000000c0000000, 0x00000000c5af0000, 0x00000000d5550000)
  eden space 74560K,   0% used [0x00000000c0000000, 0x00000000c0000000, 0x00000000c48d0000)
  from space 9280K,  58% used [0x00000000c51e0000, 0x00000000c5730d30, 0x00000000c5af0000)
  to   space 9280K,   0% used [0x00000000c48d0000, 0x00000000c48d0000, 0x00000000c51e0000)
 tenured generation   total 186184K, used 181114K [0x00000000d5550000, 0x00000000e0b22000, 0x0000000100000000)
   the space 186184K,  97% used [0x00000000d5550000, 0x00000000e062eb48, 0x00000000e062ec00, 0x00000000e0b22000)
 Metaspace       used 25556K, capacity 25830K, committed 26112K, reserved 1073152K
  class space    used 3118K, capacity 3228K, committed 3328K, reserved 1048576K
}
Event: 256.072 GC heap before
{Heap before GC invocations=175 (full 9):
 def new generation   total 83840K, used 80003K [0x00000000c0000000, 0x00000000c5af0000, 0x00000000d5550000)
  eden space 74560K, 100% used [0x00000000c0000000, 0x00000000c48d0000, 0x00000000c48d0000)
  from space 9280K,  58% used [0x00000000c51e0000, 0x00000000c5730d30, 0x00000000c5af0000)
  to   space 9280K,   0% used [0x00000000c48d0000, 0x00000000c48d0000, 0x00000000c51e0000)
 tenured generation   total 186184K, used 181114K [0x00000000d5550000, 0x00000000e0b22000, 0x0000000100000000)
   the space 186184K,  97% used [0x00000000d5550000, 0x00000000e062eb48, 0x00000000e062ec00, 0x00000000e0b22000)
 Metaspace       used 25558K, capacity 25830K, committed 26112K, reserved 1073152K
  class space    used 3118K, capacity 3228K, committed 3328K, reserved 1048576K
Event: 256.085 GC heap after
Heap after GC invocations=176 (full 9):
 def new generation   total 83840K, used 3529K [0x00000000c0000000, 0x00000000c5af0000, 0x00000000d5550000)
  eden space 74560K,   0% used [0x00000000c0000000, 0x00000000c0000000, 0x00000000c48d0000)
  from space 9280K,  38% used [0x00000000c48d0000, 0x00000000c4c427d8, 0x00000000c51e0000)
  to   space 9280K,   0% used [0x00000000c51e0000, 0x00000000c51e0000, 0x00000000c5af0000)
 tenured generation   total 186184K, used 184485K [0x00000000d5550000, 0x00000000e0b22000, 0x0000000100000000)
   the space 186184K,  99% used [0x00000000d5550000, 0x00000000e0979628, 0x00000000e0979800, 0x00000000e0b22000)
 Metaspace       used 25558K, capacity 25830K, committed 26112K, reserved 1073152K
  class space    used 3118K, capacity 3228K, committed 3328K, reserved 1048576K
}
Event: 257.596 GC heap before
{Heap before GC invocations=176 (full 9):
 def new generation   total 83840K, used 78089K [0x00000000c0000000, 0x00000000c5af0000, 0x00000000d5550000)
  eden space 74560K, 100% used [0x00000000c0000000, 0x00000000c48d0000, 0x00000000c48d0000)
  from space 9280K,  38% used [0x00000000c48d0000, 0x00000000c4c427d8, 0x00000000c51e0000)
  to   space 9280K,   0% used [0x00000000c51e0000, 0x00000000c51e0000, 0x00000000c5af0000)
 tenured generation   total 186184K, used 184485K [0x00000000d5550000, 0x00000000e0b22000, 0x0000000100000000)
   the space 186184K,  99% used [0x00000000d5550000, 0x00000000e0979628, 0x00000000e0979800, 0x00000000e0b22000)
 Metaspace       used 25559K, capacity 25830K, committed 26112K, reserved 1073152K
  class space    used 3118K, capacity 3228K, committed 3328K, reserved 1048576K

